May-26 02:41:43.759 [main] DEBUG nextflow.cli.Launcher - $> nextflow run main.nf -resume
May-26 02:41:43.851 [main] DEBUG nextflow.cli.CmdRun - N E X T F L O W  ~  version 26.04.2
May-26 02:41:43.892 [main] DEBUG nextflow.plugin.PluginsFacade - Setting up plugin manager > mode=prod; embedded=false; plugins-dir=/home/anoush/.nextflow/plugins; core-plugins: nf-amazon@3.9.1,nf-azure@1.22.4,nf-cloudcache@0.6.0,nf-codecommit@0.5.2,nf-console@1.3.0,nf-google@1.27.2,nf-k8s@1.5.3,nf-seqera@0.20.0,nf-tower@1.27.0,nf-wave@1.20.0
May-26 02:41:43.918 [main] INFO  o.pf4j.DefaultPluginStatusProvider - Enabled plugins: []
May-26 02:41:43.922 [main] INFO  o.pf4j.DefaultPluginStatusProvider - Disabled plugins: []
May-26 02:41:43.924 [main] INFO  org.pf4j.DefaultPluginManager - PF4J version 3.14.1 in 'deployment' mode
May-26 02:41:43.938 [main] DEBUG nextflow.util.RetryConfig - Missing nextflow session - using default retry config
May-26 02:41:44.042 [main] DEBUG nextflow.plugin.PluginUpdater - Using plugin repository: HttpPluginRepository [registry]; url=https://registry.nextflow.io/api
May-26 02:41:44.053 [main] INFO  org.pf4j.AbstractPluginManager - No plugins
May-26 02:41:44.088 [main] DEBUG nextflow.config.ConfigBuilder - Found config local: /mnt/c/Users/anous/clinical-trials-nlp/nextflow.config
May-26 02:41:44.091 [main] DEBUG nextflow.config.ConfigBuilder - Parsing config file: /mnt/c/Users/anous/clinical-trials-nlp/nextflow.config
May-26 02:41:44.094 [main] DEBUG nextflow.config.ConfigParserFactory - Using config parser v2
May-26 02:41:44.108 [main] DEBUG nextflow.config.ConfigBuilder - Applying config profile: `standard`
May-26 02:41:44.417 [main] DEBUG nextflow.plugin.PluginsFacade - Plugins default=[]
May-26 02:41:44.417 [main] DEBUG nextflow.plugin.PluginsFacade - Plugins resolved requirement=[]
May-26 02:41:44.428 [main] DEBUG n.secret.LocalSecretsProvider - Secrets store: /home/anoush/.nextflow/secrets/store.json
May-26 02:41:44.431 [main] DEBUG nextflow.secret.SecretsLoader - Discovered secrets providers: [nextflow.secret.LocalSecretsProvider@b52b755] - activable => nextflow.secret.LocalSecretsProvider@b52b755
May-26 02:41:44.446 [main] DEBUG nextflow.cli.CmdRun - Launching `main.nf` [tender_almeida] - revision: 18c3a9db60
May-26 02:41:44.478 [main] WARN  nextflow.config.ConfigValidator - Unrecognized config option 'docker.autoMount'
May-26 02:41:44.514 [main] DEBUG nextflow.Session - Session UUID: 5ad56cc9-317f-41a0-a762-55e071568a7f
May-26 02:41:44.515 [main] DEBUG nextflow.Session - Run name: tender_almeida
May-26 02:41:44.516 [main] DEBUG nextflow.Session - Executor pool size: 8
May-26 02:41:44.524 [main] DEBUG nextflow.file.FilePorter - File porter settings maxRetries=3; maxTransfers=50; pollTimeout=null
May-26 02:41:44.530 [main] DEBUG nextflow.util.ThreadPoolBuilder - Creating thread pool 'FileTransfer' minSize=10; maxSize=24; workQueue=LinkedBlockingQueue[-1]; allowCoreThreadTimeout=false
May-26 02:41:44.546 [main] DEBUG nextflow.cli.CmdRun - 
  Version: 26.04.2 build 12216
  Created: 21-05-2026 21:22 UTC (17:22 EDT)
  System: Linux 6.6.114.1-microsoft-standard-WSL2
  Runtime: Groovy 4.0.31 on OpenJDK 64-Bit Server VM 25.0.3-ea+7-Ubuntu-2
  Encoding: UTF-8 (UTF-8)
  Process: 5141@AnoushLaptop [127.0.1.1]
  CPUs: 8 - Mem: 7.5 GB (4.1 GB) - Swap: 2 GB (2 GB)
May-26 02:41:44.589 [main] DEBUG nextflow.Session - Work-dir: /mnt/c/Users/anous/clinical-trials-nlp/work [v9fs]
May-26 02:41:44.663 [main] DEBUG nextflow.executor.ExecutorFactory - Extension executors providers=[]
May-26 02:41:44.673 [main] DEBUG nextflow.Session - Observer factory (v2): LinObserverFactory
May-26 02:41:44.675 [main] DEBUG nextflow.Session - Observer factory (v2): DefaultObserverFactory
May-26 02:41:44.704 [main] DEBUG nextflow.cache.CacheFactory - Using Nextflow cache factory: nextflow.cache.DefaultCacheFactory
May-26 02:41:44.712 [main] DEBUG nextflow.util.CustomThreadPool - Creating default thread pool > poolSize: 9; maxThreads: 1000
May-26 02:41:44.821 [main] DEBUG nextflow.Session - Session start
May-26 02:41:44.829 [main] DEBUG nextflow.script.ScriptLoaderFactory - Using script parser v2
May-26 02:41:45.180 [main] DEBUG nextflow.script.ScriptRunner - > Launching execution
May-26 02:41:45.292 [main] DEBUG nextflow.executor.ExecutorFactory - << taskConfig executor: null
May-26 02:41:45.293 [main] DEBUG nextflow.executor.ExecutorFactory - >> processorType: 'local'
May-26 02:41:45.301 [main] DEBUG nextflow.executor.Executor - [warm up] executor > local
May-26 02:41:45.309 [main] DEBUG n.processor.LocalPollingMonitor - Creating local task monitor for executor 'local' > cpus=8; memory=7.5 GB; capacity=8; pollInterval=100ms; dumpInterval=5m
May-26 02:41:45.312 [main] DEBUG n.processor.TaskPollingMonitor - >>> barrier register (monitor: local)
May-26 02:41:45.349 [main] DEBUG nextflow.processor.TaskProcessor - Creating process 'DOWNLOAD': maxForks=0; fair=false; array=0
May-26 02:41:45.399 [main] DEBUG nextflow.executor.ExecutorFactory - << taskConfig executor: null
May-26 02:41:45.399 [main] DEBUG nextflow.executor.ExecutorFactory - >> processorType: 'local'
May-26 02:41:45.400 [main] DEBUG nextflow.processor.TaskProcessor - Creating process 'PREPROCESS': maxForks=0; fair=false; array=0
May-26 02:41:45.425 [main] DEBUG nextflow.executor.ExecutorFactory - << taskConfig executor: null
May-26 02:41:45.427 [main] DEBUG nextflow.executor.ExecutorFactory - >> processorType: 'local'
May-26 02:41:45.428 [main] DEBUG nextflow.processor.TaskProcessor - Creating process 'EMBED': maxForks=0; fair=false; array=0
May-26 02:41:45.435 [main] DEBUG nextflow.executor.ExecutorFactory - << taskConfig executor: null
May-26 02:41:45.435 [main] DEBUG nextflow.executor.ExecutorFactory - >> processorType: 'local'
May-26 02:41:45.436 [main] DEBUG nextflow.processor.TaskProcessor - Creating process 'CLUSTER': maxForks=0; fair=false; array=0
May-26 02:41:45.440 [main] DEBUG nextflow.executor.ExecutorFactory - << taskConfig executor: null
May-26 02:41:45.440 [main] DEBUG nextflow.executor.ExecutorFactory - >> processorType: 'local'
May-26 02:41:45.441 [main] DEBUG nextflow.processor.TaskProcessor - Creating process 'VISUALIZE': maxForks=0; fair=false; array=0
May-26 02:41:45.444 [main] DEBUG nextflow.Session - Process names: PREPROCESS, DOWNLOAD, EMBED, CLUSTER, VISUALIZE
May-26 02:41:45.446 [main] DEBUG nextflow.Session - Igniting dataflow network (5)
May-26 02:41:45.447 [main] DEBUG nextflow.processor.TaskProcessor - Starting process > DOWNLOAD
May-26 02:41:45.449 [main] DEBUG nextflow.processor.TaskProcessor - Starting process > PREPROCESS
May-26 02:41:45.451 [main] DEBUG nextflow.processor.TaskProcessor - Starting process > EMBED
May-26 02:41:45.453 [main] DEBUG nextflow.processor.TaskProcessor - Starting process > CLUSTER
May-26 02:41:45.454 [main] DEBUG nextflow.processor.TaskProcessor - Starting process > VISUALIZE
May-26 02:41:45.457 [main] DEBUG nextflow.script.ScriptRunner - Parsed script files:
  Main: /mnt/c/Users/anous/clinical-trials-nlp/main.nf
May-26 02:41:45.460 [main] DEBUG nextflow.script.ScriptRunner - > Awaiting termination 
May-26 02:41:45.460 [main] DEBUG nextflow.Session - Session await
May-26 02:41:45.600 [Actor Thread 8] INFO  nextflow.processor.TaskProcessor - [53/c8bf18] Cached process > DOWNLOAD
May-26 02:41:45.633 [Actor Thread 5] INFO  nextflow.processor.TaskProcessor - [20/a83fba] Cached process > PREPROCESS
May-26 02:41:45.656 [Actor Thread 7] INFO  nextflow.processor.TaskProcessor - [a0/807b26] Cached process > EMBED
May-26 02:41:45.696 [Actor Thread 5] INFO  nextflow.processor.TaskProcessor - [e8/a2047c] Cached process > CLUSTER
May-26 02:41:45.799 [Task submitter] DEBUG n.executor.local.LocalTaskHandler - Launch cmd line: /bin/bash -ue .command.run
May-26 02:41:45.802 [Task submitter] INFO  nextflow.Session - [57/002da0] Submitted process > VISUALIZE
May-26 02:42:29.371 [Task monitor] DEBUG n.processor.TaskPollingMonitor - Task completed > TaskHandler[id: 5; name: VISUALIZE; status: COMPLETED; exit: 0; error: -; workDir: /mnt/c/Users/anous/clinical-trials-nlp/work/57/002da02eaec27f2381d2aee89c8ad8]
May-26 02:42:29.373 [Task monitor] DEBUG nextflow.util.ThreadPoolBuilder - Creating thread pool 'TaskFinalizer' minSize=10; maxSize=24; workQueue=LinkedBlockingQueue[-1]; allowCoreThreadTimeout=false
May-26 02:42:29.391 [TaskFinalizer-1] DEBUG nextflow.util.ThreadPoolBuilder - Creating thread pool 'PublishDir' minSize=10; maxSize=24; workQueue=LinkedBlockingQueue[-1]; allowCoreThreadTimeout=false
May-26 02:42:29.394 [main] DEBUG nextflow.Session - Session await > all processes finished
May-26 02:42:29.469 [Task monitor] DEBUG n.processor.TaskPollingMonitor - <<< barrier arrives (monitor: local) - terminating tasks monitor poll loop
May-26 02:42:29.470 [main] DEBUG nextflow.Session - Session await > all barriers passed
May-26 02:55:49.231 [SIGHUP handler] DEBUG nextflow.Session - Session aborted -- Cause: SIGHUP
May-26 02:55:49.230 [SIGHUP handler] DEBUG nextflow.Session - Session aborted -- Cause: SIGHUP
May-26 02:55:49.255 [SIGHUP handler] DEBUG nextflow.Session - The following nodes are still active:
  [operator] tap
  [operator] tap
  [operator] tap

May-26 02:55:49.255 [SIGHUP handler] DEBUG nextflow.Session - The following nodes are still active:
  [operator] tap
  [operator] tap
  [operator] tap

May-26 02:55:49.265 [SIGHUP handler] DEBUG n.trace.WorkflowStatsObserver - Workflow completed > WorkflowStats[succeededCount=1; failedCount=0; ignoredCount=0; cachedCount=4; pendingCount=0; submittedCount=0; runningCount=0; retriesCount=0; abortedCount=0; succeedDuration=43.5s; failedDuration=0ms; cachedDuration=3m 2s;loadCpus=0; loadMemory=0; peakRunning=1; peakCpus=1; peakMemory=0; ]
May-26 02:55:49.266 [SIGHUP handler] DEBUG n.trace.WorkflowStatsObserver - Workflow completed > WorkflowStats[succeededCount=1; failedCount=0; ignoredCount=0; cachedCount=4; pendingCount=0; submittedCount=0; runningCount=0; retriesCount=0; abortedCount=0; succeedDuration=43.5s; failedDuration=0ms; cachedDuration=3m 2s;loadCpus=0; loadMemory=0; peakRunning=1; peakCpus=1; peakMemory=0; ]
May-26 02:55:49.524 [main] DEBUG n.trace.WorkflowStatsObserver - Workflow completed > WorkflowStats[succeededCount=1; failedCount=0; ignoredCount=0; cachedCount=4; pendingCount=0; submittedCount=0; runningCount=0; retriesCount=0; abortedCount=0; succeedDuration=43.5s; failedDuration=0ms; cachedDuration=3m 2s;loadCpus=0; loadMemory=0; peakRunning=1; peakCpus=1; peakMemory=0; ]
May-26 02:55:49.576 [main] DEBUG nextflow.cache.CacheDB - Closing CacheDB done
May-26 02:55:49.605 [main] DEBUG nextflow.script.ScriptRunner - > Execution complete -- Goodbye
